CRITICAL - 2023-09-01 20:21:51 --> Call to undefined method App\Controllers\Auth::send_email()
#0 C:\xampp\htdocs\koomead\system\CodeIgniter.php(825): App\Controllers\Auth->password('forgot')
#1 C:\xampp\htdocs\koomead\system\CodeIgniter.php(412): CodeIgniter\CodeIgniter->runController(Object(App\Controllers\Auth))
#2 C:\xampp\htdocs\koomead\system\CodeIgniter.php(320): CodeIgniter\CodeIgniter->handleRequest(NULL, Object(Config\Cache), false)
#3 C:\xampp\htdocs\koomead\index.php(37): CodeIgniter\CodeIgniter->run()
#4 {main}
CRITICAL - 2023-09-01 21:44:54 --> You must set the database table to be used with your query.
#0 C:\xampp\htdocs\koomead\system\Model.php(545): CodeIgniter\Database\BaseConnection->table(NULL)
#1 C:\xampp\htdocs\koomead\system\Model.php(722): CodeIgniter\Model->builder()
#2 C:\xampp\htdocs\koomead\app\Controllers\Accounts.php(179): CodeIgniter\Model->__call('filter_parent', Array)
#3 C:\xampp\htdocs\koomead\system\CodeIgniter.php(825): App\Controllers\Accounts->user('load')
#4 C:\xampp\htdocs\koomead\system\CodeIgniter.php(412): CodeIgniter\CodeIgniter->runController(Object(App\Controllers\Accounts))
#5 C:\xampp\htdocs\koomead\system\CodeIgniter.php(320): CodeIgniter\CodeIgniter->handleRequest(NULL, Object(Config\Cache), false)
#6 C:\xampp\htdocs\koomead\index.php(37): CodeIgniter\CodeIgniter->run()
#7 {main}
CRITICAL - 2023-09-01 21:46:24 --> You must set the database table to be used with your query.
#0 C:\xampp\htdocs\koomead\system\Model.php(545): CodeIgniter\Database\BaseConnection->table(NULL)
#1 C:\xampp\htdocs\koomead\system\Model.php(722): CodeIgniter\Model->builder()
#2 C:\xampp\htdocs\koomead\app\Controllers\Accounts.php(179): CodeIgniter\Model->__call('filter_parent', Array)
#3 C:\xampp\htdocs\koomead\system\CodeIgniter.php(825): App\Controllers\Accounts->user('load')
#4 C:\xampp\htdocs\koomead\system\CodeIgniter.php(412): CodeIgniter\CodeIgniter->runController(Object(App\Controllers\Accounts))
#5 C:\xampp\htdocs\koomead\system\CodeIgniter.php(320): CodeIgniter\CodeIgniter->handleRequest(NULL, Object(Config\Cache), false)
#6 C:\xampp\htdocs\koomead\index.php(37): CodeIgniter\CodeIgniter->run()
#7 {main}
CRITICAL - 2023-09-01 21:46:48 --> You must set the database table to be used with your query.
#0 C:\xampp\htdocs\koomead\system\Model.php(545): CodeIgniter\Database\BaseConnection->table(NULL)
#1 C:\xampp\htdocs\koomead\system\Model.php(722): CodeIgniter\Model->builder()
#2 C:\xampp\htdocs\koomead\app\Controllers\Accounts.php(179): CodeIgniter\Model->__call('filter_parent', Array)
#3 C:\xampp\htdocs\koomead\system\CodeIgniter.php(825): App\Controllers\Accounts->user('load')
#4 C:\xampp\htdocs\koomead\system\CodeIgniter.php(412): CodeIgniter\CodeIgniter->runController(Object(App\Controllers\Accounts))
#5 C:\xampp\htdocs\koomead\system\CodeIgniter.php(320): CodeIgniter\CodeIgniter->handleRequest(NULL, Object(Config\Cache), false)
#6 C:\xampp\htdocs\koomead\index.php(37): CodeIgniter\CodeIgniter->run()
#7 {main}
CRITICAL - 2023-09-01 21:48:30 --> You must set the database table to be used with your query.
#0 C:\xampp\htdocs\koomead\system\Model.php(545): CodeIgniter\Database\BaseConnection->table(NULL)
#1 C:\xampp\htdocs\koomead\system\Model.php(722): CodeIgniter\Model->builder()
#2 C:\xampp\htdocs\koomead\app\Controllers\Accounts.php(179): CodeIgniter\Model->__call('filter_parent', Array)
#3 C:\xampp\htdocs\koomead\system\CodeIgniter.php(825): App\Controllers\Accounts->user('load')
#4 C:\xampp\htdocs\koomead\system\CodeIgniter.php(412): CodeIgniter\CodeIgniter->runController(Object(App\Controllers\Accounts))
#5 C:\xampp\htdocs\koomead\system\CodeIgniter.php(320): CodeIgniter\CodeIgniter->handleRequest(NULL, Object(Config\Cache), false)
#6 C:\xampp\htdocs\koomead\index.php(37): CodeIgniter\CodeIgniter->run()
#7 {main}
CRITICAL - 2023-09-01 21:49:25 --> You must set the database table to be used with your query.
#0 C:\xampp\htdocs\koomead\system\Model.php(545): CodeIgniter\Database\BaseConnection->table(NULL)
#1 C:\xampp\htdocs\koomead\system\Model.php(722): CodeIgniter\Model->builder()
#2 C:\xampp\htdocs\koomead\app\Controllers\Accounts.php(179): CodeIgniter\Model->__call('filter_parent', Array)
#3 C:\xampp\htdocs\koomead\system\CodeIgniter.php(825): App\Controllers\Accounts->user('load')
#4 C:\xampp\htdocs\koomead\system\CodeIgniter.php(412): CodeIgniter\CodeIgniter->runController(Object(App\Controllers\Accounts))
#5 C:\xampp\htdocs\koomead\system\CodeIgniter.php(320): CodeIgniter\CodeIgniter->handleRequest(NULL, Object(Config\Cache), false)
#6 C:\xampp\htdocs\koomead\index.php(37): CodeIgniter\CodeIgniter->run()
#7 {main}
CRITICAL - 2023-09-01 21:50:12 --> You must set the database table to be used with your query.
#0 C:\xampp\htdocs\koomead\system\Model.php(545): CodeIgniter\Database\BaseConnection->table(NULL)
#1 C:\xampp\htdocs\koomead\system\Model.php(722): CodeIgniter\Model->builder()
#2 C:\xampp\htdocs\koomead\app\Controllers\Accounts.php(179): CodeIgniter\Model->__call('filter_parent', Array)
#3 C:\xampp\htdocs\koomead\system\CodeIgniter.php(825): App\Controllers\Accounts->user('load')
#4 C:\xampp\htdocs\koomead\system\CodeIgniter.php(412): CodeIgniter\CodeIgniter->runController(Object(App\Controllers\Accounts))
#5 C:\xampp\htdocs\koomead\system\CodeIgniter.php(320): CodeIgniter\CodeIgniter->handleRequest(NULL, Object(Config\Cache), false)
#6 C:\xampp\htdocs\koomead\index.php(37): CodeIgniter\CodeIgniter->run()
#7 {main}
CRITICAL - 2023-09-01 21:50:43 --> You must set the database table to be used with your query.
#0 C:\xampp\htdocs\koomead\system\Model.php(545): CodeIgniter\Database\BaseConnection->table(NULL)
#1 C:\xampp\htdocs\koomead\system\Model.php(722): CodeIgniter\Model->builder()
#2 C:\xampp\htdocs\koomead\app\Controllers\Accounts.php(179): CodeIgniter\Model->__call('filter_parent', Array)
#3 C:\xampp\htdocs\koomead\system\CodeIgniter.php(825): App\Controllers\Accounts->user('load')
#4 C:\xampp\htdocs\koomead\system\CodeIgniter.php(412): CodeIgniter\CodeIgniter->runController(Object(App\Controllers\Accounts))
#5 C:\xampp\htdocs\koomead\system\CodeIgniter.php(320): CodeIgniter\CodeIgniter->handleRequest(NULL, Object(Config\Cache), false)
#6 C:\xampp\htdocs\koomead\index.php(37): CodeIgniter\CodeIgniter->run()
#7 {main}
CRITICAL - 2023-09-01 21:51:15 --> You must set the database table to be used with your query.
#0 C:\xampp\htdocs\koomead\system\Model.php(545): CodeIgniter\Database\BaseConnection->table(NULL)
#1 C:\xampp\htdocs\koomead\system\Model.php(722): CodeIgniter\Model->builder()
#2 C:\xampp\htdocs\koomead\app\Controllers\Accounts.php(179): CodeIgniter\Model->__call('filter_parent', Array)
#3 C:\xampp\htdocs\koomead\system\CodeIgniter.php(825): App\Controllers\Accounts->user('load')
#4 C:\xampp\htdocs\koomead\system\CodeIgniter.php(412): CodeIgniter\CodeIgniter->runController(Object(App\Controllers\Accounts))
#5 C:\xampp\htdocs\koomead\system\CodeIgniter.php(320): CodeIgniter\CodeIgniter->handleRequest(NULL, Object(Config\Cache), false)
#6 C:\xampp\htdocs\koomead\index.php(37): CodeIgniter\CodeIgniter->run()
#7 {main}
CRITICAL - 2023-09-01 21:51:49 --> You must set the database table to be used with your query.
#0 C:\xampp\htdocs\koomead\system\Model.php(545): CodeIgniter\Database\BaseConnection->table(NULL)
#1 C:\xampp\htdocs\koomead\system\Model.php(722): CodeIgniter\Model->builder()
#2 C:\xampp\htdocs\koomead\app\Controllers\Accounts.php(179): CodeIgniter\Model->__call('filter_parent', Array)
#3 C:\xampp\htdocs\koomead\system\CodeIgniter.php(825): App\Controllers\Accounts->user('load')
#4 C:\xampp\htdocs\koomead\system\CodeIgniter.php(412): CodeIgniter\CodeIgniter->runController(Object(App\Controllers\Accounts))
#5 C:\xampp\htdocs\koomead\system\CodeIgniter.php(320): CodeIgniter\CodeIgniter->handleRequest(NULL, Object(Config\Cache), false)
#6 C:\xampp\htdocs\koomead\index.php(37): CodeIgniter\CodeIgniter->run()
#7 {main}
CRITICAL - 2023-09-01 21:52:30 --> You must set the database table to be used with your query.
#0 C:\xampp\htdocs\koomead\system\Model.php(545): CodeIgniter\Database\BaseConnection->table(NULL)
#1 C:\xampp\htdocs\koomead\system\Model.php(722): CodeIgniter\Model->builder()
#2 C:\xampp\htdocs\koomead\app\Controllers\Accounts.php(179): CodeIgniter\Model->__call('filter_parent', Array)
#3 C:\xampp\htdocs\koomead\system\CodeIgniter.php(825): App\Controllers\Accounts->user('load')
#4 C:\xampp\htdocs\koomead\system\CodeIgniter.php(412): CodeIgniter\CodeIgniter->runController(Object(App\Controllers\Accounts))
#5 C:\xampp\htdocs\koomead\system\CodeIgniter.php(320): CodeIgniter\CodeIgniter->handleRequest(NULL, Object(Config\Cache), false)
#6 C:\xampp\htdocs\koomead\index.php(37): CodeIgniter\CodeIgniter->run()
#7 {main}
CRITICAL - 2023-09-01 21:52:52 --> You must set the database table to be used with your query.
#0 C:\xampp\htdocs\koomead\system\Model.php(545): CodeIgniter\Database\BaseConnection->table(NULL)
#1 C:\xampp\htdocs\koomead\system\Model.php(722): CodeIgniter\Model->builder()
#2 C:\xampp\htdocs\koomead\app\Controllers\Accounts.php(179): CodeIgniter\Model->__call('filter_parent', Array)
#3 C:\xampp\htdocs\koomead\system\CodeIgniter.php(825): App\Controllers\Accounts->user('load')
#4 C:\xampp\htdocs\koomead\system\CodeIgniter.php(412): CodeIgniter\CodeIgniter->runController(Object(App\Controllers\Accounts))
#5 C:\xampp\htdocs\koomead\system\CodeIgniter.php(320): CodeIgniter\CodeIgniter->handleRequest(NULL, Object(Config\Cache), false)
#6 C:\xampp\htdocs\koomead\index.php(37): CodeIgniter\CodeIgniter->run()
#7 {main}
CRITICAL - 2023-09-01 21:53:24 --> You must set the database table to be used with your query.
#0 C:\xampp\htdocs\koomead\system\Model.php(545): CodeIgniter\Database\BaseConnection->table(NULL)
#1 C:\xampp\htdocs\koomead\system\Model.php(722): CodeIgniter\Model->builder()
#2 C:\xampp\htdocs\koomead\app\Controllers\Accounts.php(179): CodeIgniter\Model->__call('filter_parent', Array)
#3 C:\xampp\htdocs\koomead\system\CodeIgniter.php(825): App\Controllers\Accounts->user('load')
#4 C:\xampp\htdocs\koomead\system\CodeIgniter.php(412): CodeIgniter\CodeIgniter->runController(Object(App\Controllers\Accounts))
#5 C:\xampp\htdocs\koomead\system\CodeIgniter.php(320): CodeIgniter\CodeIgniter->handleRequest(NULL, Object(Config\Cache), false)
#6 C:\xampp\htdocs\koomead\index.php(37): CodeIgniter\CodeIgniter->run()
#7 {main}
CRITICAL - 2023-09-01 21:54:04 --> You must set the database table to be used with your query.
#0 C:\xampp\htdocs\koomead\system\Model.php(545): CodeIgniter\Database\BaseConnection->table(NULL)
#1 C:\xampp\htdocs\koomead\system\Model.php(722): CodeIgniter\Model->builder()
#2 C:\xampp\htdocs\koomead\app\Controllers\Accounts.php(179): CodeIgniter\Model->__call('filter_parent', Array)
#3 C:\xampp\htdocs\koomead\system\CodeIgniter.php(825): App\Controllers\Accounts->user('load')
#4 C:\xampp\htdocs\koomead\system\CodeIgniter.php(412): CodeIgniter\CodeIgniter->runController(Object(App\Controllers\Accounts))
#5 C:\xampp\htdocs\koomead\system\CodeIgniter.php(320): CodeIgniter\CodeIgniter->handleRequest(NULL, Object(Config\Cache), false)
#6 C:\xampp\htdocs\koomead\index.php(37): CodeIgniter\CodeIgniter->run()
#7 {main}
CRITICAL - 2023-09-01 21:55:01 --> You must set the database table to be used with your query.
#0 C:\xampp\htdocs\koomead\system\Model.php(545): CodeIgniter\Database\BaseConnection->table(NULL)
#1 C:\xampp\htdocs\koomead\system\Model.php(722): CodeIgniter\Model->builder()
#2 C:\xampp\htdocs\koomead\app\Controllers\Accounts.php(179): CodeIgniter\Model->__call('filter_parent', Array)
#3 C:\xampp\htdocs\koomead\system\CodeIgniter.php(825): App\Controllers\Accounts->user('load')
#4 C:\xampp\htdocs\koomead\system\CodeIgniter.php(412): CodeIgniter\CodeIgniter->runController(Object(App\Controllers\Accounts))
#5 C:\xampp\htdocs\koomead\system\CodeIgniter.php(320): CodeIgniter\CodeIgniter->handleRequest(NULL, Object(Config\Cache), false)
#6 C:\xampp\htdocs\koomead\index.php(37): CodeIgniter\CodeIgniter->run()
#7 {main}
CRITICAL - 2023-09-01 21:55:57 --> You must set the database table to be used with your query.
#0 C:\xampp\htdocs\koomead\system\Model.php(545): CodeIgniter\Database\BaseConnection->table(NULL)
#1 C:\xampp\htdocs\koomead\system\Model.php(722): CodeIgniter\Model->builder()
#2 C:\xampp\htdocs\koomead\app\Controllers\Accounts.php(179): CodeIgniter\Model->__call('filter_parent', Array)
#3 C:\xampp\htdocs\koomead\system\CodeIgniter.php(825): App\Controllers\Accounts->user('load')
#4 C:\xampp\htdocs\koomead\system\CodeIgniter.php(412): CodeIgniter\CodeIgniter->runController(Object(App\Controllers\Accounts))
#5 C:\xampp\htdocs\koomead\system\CodeIgniter.php(320): CodeIgniter\CodeIgniter->handleRequest(NULL, Object(Config\Cache), false)
#6 C:\xampp\htdocs\koomead\index.php(37): CodeIgniter\CodeIgniter->run()
#7 {main}
CRITICAL - 2023-09-01 22:00:20 --> Undefined property: stdClass::$ban
#0 C:\xampp\htdocs\koomead\app\Controllers\Accounts.php(189): CodeIgniter\Debug\Exceptions->errorHandler(8, 'Undefined prope...', 'C:\\xampp\\htdocs...', 189, Array)
#1 C:\xampp\htdocs\koomead\system\CodeIgniter.php(825): App\Controllers\Accounts->user('load')
#2 C:\xampp\htdocs\koomead\system\CodeIgniter.php(412): CodeIgniter\CodeIgniter->runController(Object(App\Controllers\Accounts))
#3 C:\xampp\htdocs\koomead\system\CodeIgniter.php(320): CodeIgniter\CodeIgniter->handleRequest(NULL, Object(Config\Cache), false)
#4 C:\xampp\htdocs\koomead\index.php(37): CodeIgniter\CodeIgniter->run()
#5 {main}
ERROR - 2023-09-01 22:36:42 --> Unknown column 'user_id' in 'where clause'
CRITICAL - 2023-09-01 22:36:42 --> Unknown column 'user_id' in 'where clause'
#0 C:\xampp\htdocs\koomead\system\Database\MySQLi\Connection.php(292): mysqli->query('SELECT COUNT(*)...', 0)
#1 C:\xampp\htdocs\koomead\system\Database\BaseConnection.php(670): CodeIgniter\Database\MySQLi\Connection->execute('SELECT COUNT(*)...')
#2 C:\xampp\htdocs\koomead\system\Database\BaseConnection.php(598): CodeIgniter\Database\BaseConnection->simpleQuery('SELECT COUNT(*)...')
#3 C:\xampp\htdocs\koomead\system\Database\BaseBuilder.php(1539): CodeIgniter\Database\BaseConnection->query('SELECT COUNT(*)...', Array, false)
#4 C:\xampp\htdocs\koomead\app\Models\Crud.php(370): CodeIgniter\Database\BaseBuilder->countAllResults()
#5 C:\xampp\htdocs\koomead\app\Controllers\Accounts.php(204): App\Models\Crud->check('user_id', '4', 'listing')
#6 C:\xampp\htdocs\koomead\system\CodeIgniter.php(825): App\Controllers\Accounts->user('load')
#7 C:\xampp\htdocs\koomead\system\CodeIgniter.php(412): CodeIgniter\CodeIgniter->runController(Object(App\Controllers\Accounts))
#8 C:\xampp\htdocs\koomead\system\CodeIgniter.php(320): CodeIgniter\CodeIgniter->handleRequest(NULL, Object(Config\Cache), false)
#9 C:\xampp\htdocs\koomead\index.php(37): CodeIgniter\CodeIgniter->run()
#10 {main}
ERROR - 2023-09-01 22:48:48 --> Unknown column 'status' in 'where clause'
CRITICAL - 2023-09-01 22:48:48 --> Unknown column 'status' in 'where clause'
#0 C:\xampp\htdocs\koomead\system\Database\MySQLi\Connection.php(292): mysqli->query('SELECT *\nFROM `...', 0)
#1 C:\xampp\htdocs\koomead\system\Database\BaseConnection.php(670): CodeIgniter\Database\MySQLi\Connection->execute('SELECT *\nFROM `...')
#2 C:\xampp\htdocs\koomead\system\Database\BaseConnection.php(598): CodeIgniter\Database\BaseConnection->simpleQuery('SELECT *\nFROM `...')
#3 C:\xampp\htdocs\koomead\system\Database\BaseBuilder.php(1455): CodeIgniter\Database\BaseConnection->query('SELECT *\nFROM `...', Array, false)
#4 C:\xampp\htdocs\koomead\app\Models\Crud.php(1482): CodeIgniter\Database\BaseBuilder->get()
#5 C:\xampp\htdocs\koomead\app\Controllers\Accounts.php(179): App\Models\Crud->filter_user('', '', '2', 's', '1', '', '')
#6 C:\xampp\htdocs\koomead\system\CodeIgniter.php(825): App\Controllers\Accounts->user('load')
#7 C:\xampp\htdocs\koomead\system\CodeIgniter.php(412): CodeIgniter\CodeIgniter->runController(Object(App\Controllers\Accounts))
#8 C:\xampp\htdocs\koomead\system\CodeIgniter.php(320): CodeIgniter\CodeIgniter->handleRequest(NULL, Object(Config\Cache), false)
#9 C:\xampp\htdocs\koomead\index.php(37): CodeIgniter\CodeIgniter->run()
#10 {main}
